<?xml version="1.0" encoding="UTF-8"?>
<testsuite xmlns:xsi="http://www.w3.org/2001/XMLSchema-instance" xsi:noNamespaceSchemaLocation="https://maven.apache.org/surefire/maven-surefire-plugin/xsd/surefire-test-report-3.0.xsd" version="3.0" name="org.example.strategy.PartialPointsPaymentStrategyTest" time="0.015" tests="5" errors="0" skipped="0" failures="0">
  <properties>
[...]
</properties>
  <testcase name="shouldApplyPartialPointsDiscountWhen10PercentCovered" classname="org.example.strategy.PartialPointsPaymentStrategyTest" time="0.002"/>
  <testcase name="shouldReturnNullWhenNoOtherPaymentMethodCanCoverRemaining" classname="org.example.strategy.PartialPointsPaymentStrategyTest" time="0.001"/>
  <testcase name="shouldReturnNullWhenPointsMethodMissing" classname="org.example.strategy.PartialPointsPaymentStrategyTest" time="0.003"/>
  <testcase name="shouldUseExactPointsAndMethodMatch" classname="org.example.strategy.PartialPointsPaymentStrategyTest" time="0.001"/>
  <testcase name="shouldReturnNullWhenPointsCanFullyCoverOrder" classname="org.example.strategy.PartialPointsPaymentStrategyTest" time="0.002"/>
</testsuite>